<?xml version="1.0" encoding="UTF-8"?>
<testsuite xmlns:xsi="http://www.w3.org/2001/XMLSchema-instance" xsi:noNamespaceSchemaLocation="https://maven.apache.org/surefire/maven-surefire-plugin/xsd/surefire-test-report.xsd" name="com.school.services.tests.TariffServiceMockTests" time="0.018" tests="9" errors="0" skipped="0" failures="0">
  <properties>
[...]
</properties>
  <testcase name="getAllTariffsTest1" classname="com.school.services.tests.TariffServiceMockTests" time="0.013"/>
  <testcase name="saveTariffTest1" classname="com.school.services.tests.TariffServiceMockTests" time="0.001"/>
  <testcase name="getNumberOfPagesTest1" classname="com.school.services.tests.TariffServiceMockTests" time="0"/>
  <testcase name="updateTariffTest1" classname="com.school.services.tests.TariffServiceMockTests" time="0"/>
  <testcase name="getAllAvailableTest1" classname="com.school.services.tests.TariffServiceMockTests" time="0.001"/>
  <testcase name="getTariffTest1" classname="com.school.services.tests.TariffServiceMockTests" time="0"/>
  <testcase name="getPageOfTariffsTest1" classname="com.school.services.tests.TariffServiceMockTests" time="0.001"/>
  <testcase name="deleteTariffTest1" classname="com.school.services.tests.TariffServiceMockTests" time="0"/>
  <testcase name="deleteTariffTest2" classname="com.school.services.tests.TariffServiceMockTests" time="0.001"/>
</testsuite>