<?xml version="1.0" encoding="UTF-8"?>
<testsuite xmlns:xsi="http://www.w3.org/2001/XMLSchema-instance" xsi:noNamespaceSchemaLocation="https://maven.apache.org/surefire/maven-surefire-plugin/xsd/surefire-test-report.xsd" name="com.school.services.tests.NumberServiceMockTests" time="0.024" tests="10" errors="0" skipped="0" failures="0">
  <properties>
[...]
</properties>
  <testcase name="updateNumberTest1" classname="com.school.services.tests.NumberServiceMockTests" time="0.013"/>
  <testcase name="getNumberTest1" classname="com.school.services.tests.NumberServiceMockTests" time="0.001"/>
  <testcase name="checkNumberToUniqueTest1" classname="com.school.services.tests.NumberServiceMockTests" time="0"/>
  <testcase name="getAllUsedNumbers1" classname="com.school.services.tests.NumberServiceMockTests" time="0.001"/>
  <testcase name="deleteNumberTest1" classname="com.school.services.tests.NumberServiceMockTests" time="0"/>
  <testcase name="getAllNumbersTest1" classname="com.school.services.tests.NumberServiceMockTests" time="0"/>
  <testcase name="getAllNumbersTest2" classname="com.school.services.tests.NumberServiceMockTests" time="0.001"/>
  <testcase name="getByPhoneNumberTest1" classname="com.school.services.tests.NumberServiceMockTests" time="0"/>
  <testcase name="getAllUnusedNumbersTest1" classname="com.school.services.tests.NumberServiceMockTests" time="0.001"/>
  <testcase name="saveNumberTest1" classname="com.school.services.tests.NumberServiceMockTests" time="0"/>
</testsuite>